<?xml version="1.0" encoding="UTF-8"?>
<!-- Generated by org.testng.reporters.JUnitXMLReporter -->
<testsuite ignored="0" hostname="MSI" failures="1" tests="1" name="Test" time="0.059" errors="0" timestamp="2024-04-20T18:49:19 IST">
  <testcase classname="QuckCheck.CheckFramework.Test2" name="register" time="0.025">
    <failure type="org.testng.internal.reflect.MethodMatcherException" message="
[public void QuckCheck.CheckFramework.Test2.register(java.lang.String,java.lang.String,java.lang.String,java.lang.String,java.lang.String,java.lang.String) throws java.lang.InterruptedException] has no parameters defined but was found to be using a data provider (either explicitly specified or inherited from class level annotation).
Data provider mismatch
Method: register([java.lang.String arg0, java.lang.String arg1, java.lang.String arg2, java.lang.String arg3, java.lang.String arg4, java.lang.String arg5])
Arguments: [(java.lang.String) amej,(java.lang.String) Kazi,(java.lang.String) AmejKazi,(java.lang.String) amej123@A22@,(java.lang.String) amej123@A22@]">
      <![CDATA[org.testng.internal.reflect.MethodMatcherException: 
[public void QuckCheck.CheckFramework.Test2.register(java.lang.String,java.lang.String,java.lang.String,java.lang.String,java.lang.String,java.lang.String) throws java.lang.InterruptedException] has no parameters defined but was found to be using a data provider (either explicitly specified or inherited from class level annotation).
Data provider mismatch
Method: register([java.lang.String arg0, java.lang.String arg1, java.lang.String arg2, java.lang.String arg3, java.lang.String arg4, java.lang.String arg5])
Arguments: [(java.lang.String) amej,(java.lang.String) Kazi,(java.lang.String) AmejKazi,(java.lang.String) amej123@A22@,(java.lang.String) amej123@A22@]
at java.base/java.util.ArrayList.forEach(ArrayList.java:1511)
... Removed 22 stack frames]]>
    </failure>
  </testcase> <!-- register -->
</testsuite> <!-- Test -->
