<?xml version="1.0" encoding="UTF-8"?>
<testng-results ignored="0" total="1" passed="0" failed="1" skipped="0">
  <reporter-output>
  </reporter-output>
  <suite started-at="2024-04-20T18:49:19 IST" name="Suite" finished-at="2024-04-20T18:49:19 IST" duration-ms="59">
    <groups>
    </groups>
    <test started-at="2024-04-20T18:49:19 IST" name="Test" finished-at="2024-04-20T18:49:19 IST" duration-ms="59">
      <class name="QuckCheck.CheckFramework.Test2">
        <test-method signature="register(java.lang.String,java.lang.String,java.lang.String,java.lang.String,java.lang.String,java.lang.String)[pri:0, instance:QuckCheck.CheckFramework.Test2@6574a52c]" started-at="2024-04-20T18:49:19 IST" name="register" data-provider="getData" finished-at="2024-04-20T18:49:19 IST" duration-ms="25" status="FAIL">
          <exception class="org.testng.internal.reflect.MethodMatcherException">
            <message>
              <![CDATA[
[public void QuckCheck.CheckFramework.Test2.register(java.lang.String,java.lang.String,java.lang.String,java.lang.String,java.lang.String,java.lang.String) throws java.lang.InterruptedException] has no parameters defined but was found to be using a data provider (either explicitly specified or inherited from class level annotation).
Data provider mismatch
Method: register([java.lang.String arg0, java.lang.String arg1, java.lang.String arg2, java.lang.String arg3, java.lang.String arg4, java.lang.String arg5])
Arguments: [(java.lang.String) amej,(java.lang.String) Kazi,(java.lang.String) AmejKazi,(java.lang.String) amej123@A22@,(java.lang.String) amej123@A22@]]]>
            </message>
            <full-stacktrace>
              <![CDATA[org.testng.internal.reflect.MethodMatcherException: 
[public void QuckCheck.CheckFramework.Test2.register(java.lang.String,java.lang.String,java.lang.String,java.lang.String,java.lang.String,java.lang.String) throws java.lang.InterruptedException] has no parameters defined but was found to be using a data provider (either explicitly specified or inherited from class level annotation).
Data provider mismatch
Method: register([java.lang.String arg0, java.lang.String arg1, java.lang.String arg2, java.lang.String arg3, java.lang.String arg4, java.lang.String arg5])
Arguments: [(java.lang.String) amej,(java.lang.String) Kazi,(java.lang.String) AmejKazi,(java.lang.String) amej123@A22@,(java.lang.String) amej123@A22@]
at org.testng.internal.reflect.DataProviderMethodMatcher.getConformingArguments(DataProviderMethodMatcher.java:46)
at org.testng.internal.Parameters.injectParameters(Parameters.java:909)
at org.testng.internal.invokers.MethodRunner.runInSequence(MethodRunner.java:37)
at org.testng.internal.invokers.TestInvoker$MethodInvocationAgent.invoke(TestInvoker.java:957)
at org.testng.internal.invokers.TestInvoker.invokeTestMethods(TestInvoker.java:200)
at org.testng.internal.invokers.TestMethodWorker.invokeTestMethods(TestMethodWorker.java:148)
at org.testng.internal.invokers.TestMethodWorker.run(TestMethodWorker.java:128)
at java.base/java.util.ArrayList.forEach(ArrayList.java:1511)
at org.testng.TestRunner.privateRun(TestRunner.java:848)
at org.testng.TestRunner.run(TestRunner.java:621)
at org.testng.SuiteRunner.runTest(SuiteRunner.java:443)
at org.testng.SuiteRunner.runSequentially(SuiteRunner.java:437)
at org.testng.SuiteRunner.privateRun(SuiteRunner.java:397)
at org.testng.SuiteRunner.run(SuiteRunner.java:336)
at org.testng.SuiteRunnerWorker.runSuite(SuiteRunnerWorker.java:52)
at org.testng.SuiteRunnerWorker.run(SuiteRunnerWorker.java:95)
at org.testng.TestNG.runSuitesSequentially(TestNG.java:1280)
at org.testng.TestNG.runSuitesLocally(TestNG.java:1200)
at org.testng.TestNG.runSuites(TestNG.java:1114)
at org.testng.TestNG.run(TestNG.java:1082)
at org.testng.remote.AbstractRemoteTestNG.run(AbstractRemoteTestNG.java:115)
at org.testng.remote.RemoteTestNG.initAndRun(RemoteTestNG.java:251)
at org.testng.remote.RemoteTestNG.main(RemoteTestNG.java:77)
]]>
            </full-stacktrace>
          </exception> <!-- org.testng.internal.reflect.MethodMatcherException -->
          <reporter-output>
          </reporter-output>
        </test-method> <!-- register -->
      </class> <!-- QuckCheck.CheckFramework.Test2 -->
    </test> <!-- Test -->
  </suite> <!-- Suite -->
</testng-results>
